{
  "RSpec": {
    "coverage": {
      "/Users/oliverharrison/Projects/week_9_onsite/gildedrose-refactor-challenge/GildedRose-Refactoring-Kata/ruby/spec/gilded_rose_spec.rb": [
        1,
        null,
        1,
        null,
        4,
        1,
        1,
        null,
        1,
        1,
        1,
        null,
        null,
        1,
        1,
        1,
        1,
        null,
        null,
        1,
        1,
        1,
        1,
        null,
        null,
        null
      ],
      "/Users/oliverharrison/Projects/week_9_onsite/gildedrose-refactor-challenge/GildedRose-Refactoring-Kata/ruby/gilded_rose.rb": [
        1,
        null,
        1,
        null,
        1,
        3,
        3,
        3,
        null,
        null,
        1,
        2,
        1,
        1,
        null,
        1,
        null,
        null,
        null,
        null,
        null,
        null,
        1,
        1,
        null,
        1,
        3,
        3,
        3,
        null,
        null,
        1,
        0,
        null,
        null,
        null
      ]
    },
    "timestamp": 1554994295
  }
}
